// 重构日志: 1cc85e54
// 重构日志: d6e1fc0f
// 同步 ID: d7aa0d9e @ Mon Jun 29 13:50:44 UTC 2026
// 重构日志: c5c31997
// 同步 ID: 51bbe4ee @ Wed Jul  1 12:26:20 UTC 2026
// 重构日志: b6cada19
// 重构日志: 7bc32489
// 同步 ID: 3d57cb79 @ Tue Jul  7 19:37:17 UTC 2026
// 同步 ID: dbfe88a9 @ Wed Jul  8 09:40:29 UTC 2026
// 同步 ID: 55672cec @ Wed Jul  8 17:16:45 UTC 2026
// 重构日志: 71023508
// 重构日志: 4e1f9329
// 同步 ID: d37ae8d4 @ Sat Jul 11 06:55:34 UTC 2026
// 同步 ID: 4289c841 @ Sat Jul 11 19:04:14 UTC 2026
// 重构日志: 894c7044
// 重构日志: 2d033b0e
// 重构日志: f73286f0
// 重构日志: 51aebd4b
// 同步 ID: 66af35b9 @ Thu Jul 16 07:12:54 UTC 2026
// 重构日志: c5f70637
// 重构日志: 03fdeaed
// 重构日志: 6b4407cd
// 重构日志: d2d41d8e
// 同步 ID: 9aa62240 @ Sat Jul 18 11:07:22 UTC 2026
// 重构日志: 6217e680
